2021/07/02 08:03:23.470 [I] [login_controller.go:71]  登录的post请求，登录成功，登录信息：username:admin;pwd:e10adc3949ba59abbe56e057f20f883e
2021/07/02 08:04:10.893 [I] [car_brand.go:99]  插入的数据信息:name:测试1|desc:测试1|is_active:%!s(int=1)
2021/07/02 08:12:10.914 [I] [car_brand.go:99]  插入的数据信息:name:测试2|desc:测试2|is_active:%!s(int=1)
2021/07/02 08:19:40.237 [I] [app.go:214]  http server Running on http://:8080
2021/07/02 08:19:41.431 [I] [app.go:214]  http server Running on http://:8080
2021/07/02 08:19:42.668 [I] [app.go:214]  http server Running on http://:8080
2021/07/02 08:19:43.918 [I] [app.go:214]  http server Running on http://:8080
2021/07/02 08:19:45.196 [I] [app.go:214]  http server Running on http://:8080
2021/07/02 08:19:46.432 [I] [app.go:214]  http server Running on http://:8080
2021/07/02 08:19:47.728 [I] [app.go:214]  http server Running on http://:8080
2021/07/02 08:19:49.022 [I] [app.go:214]  http server Running on http://:8080
2021/07/02 08:19:50.356 [I] [app.go:214]  http server Running on http://:8080
2021/07/02 08:19:51.890 [I] [app.go:214]  http server Running on http://:8080
2021/07/02 08:19:53.182 [I] [app.go:214]  http server Running on http://:8080
2021/07/02 08:19:55.136 [I] [app.go:214]  http server Running on http://:8080
2021/07/02 08:19:56.534 [I] [app.go:214]  http server Running on http://:8080
2021/07/02 08:19:57.754 [I] [app.go:214]  http server Running on http://:8080
2021/07/02 08:19:59.145 [I] [app.go:214]  http server Running on http://:8080
2021/07/02 08:20:00.439 [I] [app.go:214]  http server Running on http://:8080
2021/07/02 08:20:01.679 [I] [app.go:214]  http server Running on http://:8080
2021/07/02 08:20:03.157 [I] [app.go:214]  http server Running on http://:8080
2021/07/02 08:20:04.575 [I] [app.go:214]  http server Running on http://:8080
2021/07/02 08:20:05.851 [I] [app.go:214]  http server Running on http://:8080
2021/07/02 08:59:04.556 [I] [app.go:214]  http server Running on http://:8080
2021/07/02 08:59:06.051 [I] [app.go:214]  http server Running on http://:8080
2021/07/02 09:00:00.417 [I] [app.go:214]  http server Running on http://:8080
2021/07/02 09:07:22.335 [I] [login_controller.go:71]  登录的post请求，登录成功，登录信息：username:admin;pwd:e10adc3949ba59abbe56e057f20f883e
2021/07/02 09:13:52.921 [I] [app.go:214]  http server Running on http://:8080
2021/07/02 09:14:15.037 [I] [login_controller.go:71]  登录的post请求，登录成功，登录信息：username:admin;pwd:e10adc3949ba59abbe56e057f20f883e
2021/07/02 09:23:12.221 [I] [user_controller.go:227]  逻辑删除数据信息成功：用户Id:145
2021/07/02 09:27:56.861 [I] [app.go:214]  http server Running on http://:8080
2021/07/02 09:27:58.117 [I] [app.go:214]  http server Running on http://:8080
2021/07/02 09:27:59.341 [I] [app.go:214]  http server Running on http://:8080
2021/07/02 09:28:00.563 [I] [app.go:214]  http server Running on http://:8080
2021/07/02 09:28:01.766 [I] [app.go:214]  http server Running on http://:8080
2021/07/02 09:28:02.984 [I] [app.go:214]  http server Running on http://:8080
2021/07/02 09:28:04.211 [I] [app.go:214]  http server Running on http://:8080
2021/07/02 09:28:05.450 [I] [app.go:214]  http server Running on http://:8080
2021/07/02 09:28:06.656 [I] [app.go:214]  http server Running on http://:8080
2021/07/02 09:28:07.880 [I] [app.go:214]  http server Running on http://:8080
2021/07/02 09:28:09.123 [I] [app.go:214]  http server Running on http://:8080
2021/07/02 09:28:10.385 [I] [app.go:214]  http server Running on http://:8080
2021/07/02 09:28:11.623 [I] [app.go:214]  http server Running on http://:8080
2021/07/02 09:28:12.868 [I] [app.go:214]  http server Running on http://:8080
2021/07/02 09:28:14.239 [I] [app.go:214]  http server Running on http://:8080
2021/07/02 09:28:15.513 [I] [app.go:214]  http server Running on http://:8080
2021/07/02 09:28:16.770 [I] [app.go:214]  http server Running on http://:8080
2021/07/02 09:28:18.013 [I] [app.go:214]  http server Running on http://:8080
2021/07/02 09:28:19.193 [I] [app.go:214]  http server Running on http://:8080
2021/07/02 09:28:40.454 [I] [login_controller.go:60]  登录的post请求，验证码错误，验证码信息:false
2021/07/02 09:28:52.001 [I] [login_controller.go:71]  登录的post请求，登录成功，登录信息：username:admin;pwd:e10adc3949ba59abbe56e057f20f883e
2021/07/02 09:31:32.471 [I] [app.go:214]  http server Running on http://:8080
2021/07/02 09:32:03.097 [I] [login_controller.go:71]  登录的post请求，登录成功，登录信息：username:admin;pwd:e10adc3949ba59abbe56e057f20f883e
2021/07/02 09:33:14.464 [I] [app.go:214]  http server Running on http://:8080
2021/07/02 09:33:37.323 [I] [login_controller.go:71]  登录的post请求，登录成功，登录信息：username:admin;pwd:e10adc3949ba59abbe56e057f20f883e
2021/07/02 11:19:05.149 [I] [app.go:214]  http server Running on http://:8080
2021/07/02 11:19:06.424 [I] [app.go:214]  http server Running on http://:8080
2021/07/02 11:19:07.686 [I] [app.go:214]  http server Running on http://:8080
2021/07/02 11:19:08.948 [I] [app.go:214]  http server Running on http://:8080
2021/07/02 11:19:10.222 [I] [app.go:214]  http server Running on http://:8080
2021/07/02 11:19:11.470 [I] [app.go:214]  http server Running on http://:8080
2021/07/02 11:19:12.702 [I] [app.go:214]  http server Running on http://:8080
2021/07/02 11:19:13.923 [I] [app.go:214]  http server Running on http://:8080
2021/07/02 11:19:15.237 [I] [app.go:214]  http server Running on http://:8080
2021/07/02 11:19:16.498 [I] [app.go:214]  http server Running on http://:8080
2021/07/02 11:19:17.764 [I] [app.go:214]  http server Running on http://:8080
2021/07/02 11:19:19.017 [I] [app.go:214]  http server Running on http://:8080
2021/07/02 11:19:20.266 [I] [app.go:214]  http server Running on http://:8080
2021/07/02 11:19:21.510 [I] [app.go:214]  http server Running on http://:8080
2021/07/02 11:19:22.768 [I] [app.go:214]  http server Running on http://:8080
2021/07/02 11:19:24.018 [I] [app.go:214]  http server Running on http://:8080
2021/07/02 11:19:25.265 [I] [app.go:214]  http server Running on http://:8080
2021/07/02 11:19:26.517 [I] [app.go:214]  http server Running on http://:8080
2021/07/02 11:19:27.790 [I] [app.go:214]  http server Running on http://:8080
2021/07/02 11:19:29.026 [I] [app.go:214]  http server Running on http://:8080
2021/07/02 11:19:30.234 [I] [app.go:214]  http server Running on http://:8080
2021/07/02 11:22:43.489 [I] [login_controller.go:71]  登录的post请求，登录成功，登录信息：username:admin;pwd:e10adc3949ba59abbe56e057f20f883e
2021/07/02 11:24:19.441 [I] [app.go:214]  http server Running on http://:8080
2021/07/02 11:27:48.396 [I] [app.go:214]  http server Running on http://:8080
2021/07/02 11:28:06.919 [I] [login_controller.go:60]  登录的post请求，验证码错误，验证码信息:false
2021/07/02 11:28:12.720 [I] [login_controller.go:71]  登录的post请求，登录成功，登录信息：username:admin;pwd:e10adc3949ba59abbe56e057f20f883e
2021/07/02 11:28:25.653 [I] [car_brand.go:129]  逻辑删除数据信息成功：车辆品牌Id:9
2021/07/02 22:54:02.302 [I] [app.go:214]  http server Running on http://:8080
2021/07/02 22:54:03.530 [I] [app.go:214]  http server Running on http://:8080
2021/07/02 22:54:04.827 [I] [app.go:214]  http server Running on http://:8080
2021/07/02 22:54:06.146 [I] [app.go:214]  http server Running on http://:8080
2021/07/02 22:54:07.439 [I] [app.go:214]  http server Running on http://:8080
2021/07/02 22:54:08.798 [I] [app.go:214]  http server Running on http://:8080
2021/07/02 22:54:10.129 [I] [app.go:214]  http server Running on http://:8080
2021/07/02 22:54:11.397 [I] [app.go:214]  http server Running on http://:8080
2021/07/02 22:54:12.645 [I] [app.go:214]  http server Running on http://:8080
2021/07/02 22:54:13.942 [I] [app.go:214]  http server Running on http://:8080
2021/07/02 22:54:15.218 [I] [app.go:214]  http server Running on http://:8080
2021/07/02 22:54:16.502 [I] [app.go:214]  http server Running on http://:8080
2021/07/02 22:54:17.773 [I] [app.go:214]  http server Running on http://:8080
2021/07/02 22:54:19.056 [I] [app.go:214]  http server Running on http://:8080
2021/07/02 22:54:20.338 [I] [app.go:214]  http server Running on http://:8080
2021/07/02 22:54:21.642 [I] [app.go:214]  http server Running on http://:8080
2021/07/02 22:54:22.910 [I] [app.go:214]  http server Running on http://:8080
2021/07/02 22:54:24.239 [I] [app.go:214]  http server Running on http://:8080
2021/07/02 22:54:25.492 [I] [app.go:214]  http server Running on http://:8080
2021/07/02 22:54:26.697 [I] [app.go:214]  http server Running on http://:8080
2021/07/02 22:55:23.567 [I] [login_controller.go:71]  登录的post请求，登录成功，登录信息：username:admin;pwd:e10adc3949ba59abbe56e057f20f883e
2021/07/02 23:05:56.170 [I] [app.go:214]  http server Running on http://:8080
2021/07/02 23:06:43.869 [I] [login_controller.go:71]  登录的post请求，登录成功，登录信息：username:admin;pwd:e10adc3949ba59abbe56e057f20f883e
2021/07/02 23:07:05.281 [I] [car_brand.go:168]  更新数据成功,数据信息为:name:测试22222|desc:测试2222|is_active:0|
2021/07/02 23:10:37.595 [I] [app.go:214]  http server Running on http://:8080
2021/07/02 23:11:04.871 [I] [login_controller.go:71]  登录的post请求，登录成功，登录信息：username:admin;pwd:e10adc3949ba59abbe56e057f20f883e
2021/07/02 23:11:24.431 [I] [car_brand.go:171]  更新数据成功,数据信息为:name:测试1|desc:测试1222|is_active:0|
2021/07/02 23:13:04.767 [I] [car_brand.go:171]  更新数据成功,数据信息为:name:测试1|desc:测试1222|is_active:0|
